# JRE version: OpenJDK Runtime Environment (17.0.10) (build 17.0.10+0--11572160)
# Java VM: OpenJDK 64-Bit Server VM (17.0.10+0--11572160, mixed mode, tiered, compressed oops, compressed class ptrs, g1 gc, windows-amd64)
GC Precious Log:
 CPUs: 4 total, 4 available
 Memory: 8027M
 Large Page Support: Disabled
 NUMA Support: Disabled
 Compressed Oops: Enabled (32-bit)
 Heap Region Size: 1M
 Heap Min Capacity: 8M
 Heap Initial Capacity: 126M
 Heap Max Capacity: 2G
 Pre-touch: Disabled
 Parallel Workers: 4
 Concurrent Workers: 1
 Concurrent Refinement Workers: 4
 Periodic GC: Disabled
Heap:
 garbage-first heap   total 389120K, used 312296K [0x0000000080000000, 0x0000000100000000)
  region size 1024K, 2 young (2048K), 2 survivors (2048K)
 Metaspace       used 141370K, committed 142272K, reserved 1179648K
  class space    used 19529K, committed 19968K, reserved 1048576K
GC Heap History (20 events):
Event: 74.053 GC heap after
{Heap after GC invocations=78 (full 0):
 garbage-first heap   total 335872K, used 188670K [0x0000000080000000, 0x0000000100000000)
  region size 1024K, 7 young (7168K), 7 survivors (7168K)
 Metaspace       used 139958K, committed 140864K, reserved 1179648K
  class space    used 19345K, committed 19776K, reserved 1048576K
}
Event: 74.492 GC heap before
{Heap before GC invocations=78 (full 0):
 garbage-first heap   total 335872K, used 291070K [0x0000000080000000, 0x0000000100000000)
  region size 1024K, 107 young (109568K), 7 survivors (7168K)
 Metaspace       used 139990K, committed 140864K, reserved 1179648K
  class space    used 19346K, committed 19776K, reserved 1048576K
}
Event: 74.501 GC heap after
{Heap after GC invocations=79 (full 0):
 garbage-first heap   total 335872K, used 189299K [0x0000000080000000, 0x0000000100000000)
  region size 1024K, 7 young (7168K), 7 survivors (7168K)
 Metaspace       used 139990K, committed 140864K, reserved 1179648K
  class space    used 19346K, committed 19776K, reserved 1048576K
}
Event: 74.942 GC heap before
{Heap before GC invocations=79 (full 0):
 garbage-first heap   total 335872K, used 293747K [0x0000000080000000, 0x0000000100000000)
  region size 1024K, 109 young (111616K), 7 survivors (7168K)
 Metaspace       used 140034K, committed 140928K, reserved 1179648K
  class space    used 19347K, committed 19776K, reserved 1048576K
}
Event: 74.951 GC heap after
{Heap after GC invocations=80 (full 0):
 garbage-first heap   total 335872K, used 189769K [0x0000000080000000, 0x0000000100000000)
  region size 1024K, 8 young (8192K), 8 survivors (8192K)
 Metaspace       used 140034K, committed 140928K, reserved 1179648K
  class space    used 19347K, committed 19776K, reserved 1048576K
}
Event: 79.677 GC heap before
{Heap before GC invocations=80 (full 0):
 garbage-first heap   total 335872K, used 292169K [0x0000000080000000, 0x0000000100000000)
  region size 1024K, 108 young (110592K), 8 survivors (8192K)
 Metaspace       used 140321K, committed 141184K, reserved 1179648K
  class space    used 19354K, committed 19776K, reserved 1048576K
}
Event: 79.689 GC heap after
{Heap after GC invocations=81 (full 0):
 garbage-first heap   total 335872K, used 194228K [0x0000000080000000, 0x0000000100000000)
  region size 1024K, 12 young (12288K), 12 survivors (12288K)
 Metaspace       used 140321K, committed 141184K, reserved 1179648K
  class space    used 19354K, committed 19776K, reserved 1048576K
}
Event: 81.335 GC heap before
{Heap before GC invocations=81 (full 0):
 garbage-first heap   total 335872K, used 287412K [0x0000000080000000, 0x0000000100000000)
  region size 1024K, 104 young (106496K), 12 survivors (12288K)
 Metaspace       used 140948K, committed 141824K, reserved 1179648K
  class space    used 19430K, committed 19840K, reserved 1048576K
}
Event: 81.347 GC heap after
{Heap after GC invocations=82 (full 0):
 garbage-first heap   total 335872K, used 196443K [0x0000000080000000, 0x0000000100000000)
  region size 1024K, 9 young (9216K), 9 survivors (9216K)
 Metaspace       used 140948K, committed 141824K, reserved 1179648K
  class space    used 19430K, committed 19840K, reserved 1048576K
}
Event: 83.630 GC heap before
{Heap before GC invocations=82 (full 0):
 garbage-first heap   total 335872K, used 243547K [0x0000000080000000, 0x0000000100000000)
  region size 1024K, 38 young (38912K), 9 survivors (9216K)
 Metaspace       used 141287K, committed 142208K, reserved 1179648K
  class space    used 19482K, committed 19904K, reserved 1048576K
}
Event: 83.639 GC heap after
{Heap after GC invocations=83 (full 0):
 garbage-first heap   total 335872K, used 219889K [0x0000000080000000, 0x0000000100000000)
  region size 1024K, 9 young (9216K), 9 survivors (9216K)
 Metaspace       used 141287K, committed 142208K, reserved 1179648K
  class space    used 19482K, committed 19904K, reserved 1048576K
}
Event: 86.613 GC heap before
{Heap before GC invocations=84 (full 0):
 garbage-first heap   total 373760K, used 357105K [0x0000000080000000, 0x0000000100000000)
  region size 1024K, 59 young (60416K), 9 survivors (9216K)
 Metaspace       used 141360K, committed 142272K, reserved 1179648K
  class space    used 19529K, committed 19968K, reserved 1048576K
}
Event: 86.641 GC heap after
{Heap after GC invocations=85 (full 0):
 garbage-first heap   total 389120K, used 283413K [0x0000000080000000, 0x0000000100000000)
  region size 1024K, 9 young (9216K), 9 survivors (9216K)
 Metaspace       used 141360K, committed 142272K, reserved 1179648K
  class space    used 19529K, committed 19968K, reserved 1048576K
}
Event: 86.713 GC heap before
{Heap before GC invocations=85 (full 0):
 garbage-first heap   total 389120K, used 292629K [0x0000000080000000, 0x0000000100000000)
  region size 1024K, 19 young (19456K), 9 survivors (9216K)
 Metaspace       used 141360K, committed 142272K, reserved 1179648K
  class space    used 19529K, committed 19968K, reserved 1048576K
}
Event: 86.729 GC heap after
{Heap after GC invocations=86 (full 0):
 garbage-first heap   total 389120K, used 270485K [0x0000000080000000, 0x0000000100000000)
  region size 1024K, 3 young (3072K), 3 survivors (3072K)
 Metaspace       used 141360K, committed 142272K, reserved 1179648K
  class space    used 19529K, committed 19968K, reserved 1048576K
}
Event: 87.097 GC heap before
{Heap before GC invocations=86 (full 0):
 garbage-first heap   total 389120K, used 322709K [0x0000000080000000, 0x0000000100000000)
  region size 1024K, 53 young (54272K), 3 survivors (3072K)
 Metaspace       used 141360K, committed 142272K, reserved 1179648K
  class space    used 19529K, committed 19968K, reserved 1048576K
}
Event: 87.129 GC heap after
{Heap after GC invocations=87 (full 0):
 garbage-first heap   total 389120K, used 292520K [0x0000000080000000, 0x0000000100000000)
  region size 1024K, 7 young (7168K), 7 survivors (7168K)
 Metaspace       used 141360K, committed 142272K, reserved 1179648K
  class space    used 19529K, committed 19968K, reserved 1048576K
}
Event: 87.271 GC heap before
{Heap before GC invocations=87 (full 0):
 garbage-first heap   total 389120K, used 327336K [0x0000000080000000, 0x0000000100000000)
  region size 1024K, 38 young (38912K), 7 survivors (7168K)
 Metaspace       used 141370K, committed 142272K, reserved 1179648K
  class space    used 19529K, committed 19968K, reserved 1048576K
}
Event: 87.301 GC heap after
{Heap after GC invocations=88 (full 0):
 garbage-first heap   total 389120K, used 309760K [0x0000000080000000, 0x0000000100000000)
  region size 1024K, 5 young (5120K), 5 survivors (5120K)
 Metaspace       used 141370K, committed 142272K, reserved 1179648K
  class space    used 19529K, committed 19968K, reserved 1048576K
}
Event: 87.315 GC heap before
{Heap before GC invocations=88 (full 0):
 garbage-first heap   total 389120K, used 310784K [0x0000000080000000, 0x0000000100000000)
  region size 1024K, 8 young (8192K), 5 survivors (5120K)
 Metaspace       used 141370K, committed 142272K, reserved 1179648K
  class space    used 19529K, committed 19968K, reserved 1048576K
}

