# JRE version: OpenJDK Runtime Environment (17.0.10) (build 17.0.10+0--11572160)
# Java VM: OpenJDK 64-Bit Server VM (17.0.10+0--11572160, mixed mode, tiered, compressed oops, compressed class ptrs, g1 gc, windows-amd64)
GC Precious Log:
 CPUs: 4 total, 4 available
 Memory: 8027M
 Large Page Support: Disabled
 NUMA Support: Disabled
 Compressed Oops: Enabled (32-bit)
 Heap Region Size: 1M
 Heap Min Capacity: 8M
 Heap Initial Capacity: 126M
 Heap Max Capacity: 2G
 Pre-touch: Disabled
 Parallel Workers: 4
 Concurrent Workers: 1
 Concurrent Refinement Workers: 4
 Periodic GC: Disabled
Heap:
 garbage-first heap   total 314368K, used 166020K [0x0000000080000000, 0x0000000100000000)
  region size 1024K, 1 young (1024K), 1 survivors (1024K)
 Metaspace       used 132983K, committed 133888K, reserved 1179648K
  class space    used 17969K, committed 18432K, reserved 1048576K
GC Heap History (20 events):
Event: 113.963 GC heap after
{Heap after GC invocations=67 (full 0):
 garbage-first heap   total 235520K, used 167079K [0x0000000080000000, 0x0000000100000000)
  region size 1024K, 4 young (4096K), 4 survivors (4096K)
 Metaspace       used 119597K, committed 120384K, reserved 1179648K
  class space    used 16259K, committed 16640K, reserved 1048576K
}
Event: 118.666 GC heap before
{Heap before GC invocations=67 (full 0):
 garbage-first heap   total 235520K, used 197799K [0x0000000080000000, 0x0000000100000000)
  region size 1024K, 35 young (35840K), 4 survivors (4096K)
 Metaspace       used 122497K, committed 123392K, reserved 1179648K
  class space    used 16673K, committed 17152K, reserved 1048576K
}
Event: 118.676 GC heap after
{Heap after GC invocations=68 (full 0):
 garbage-first heap   total 235520K, used 170051K [0x0000000080000000, 0x0000000100000000)
  region size 1024K, 3 young (3072K), 3 survivors (3072K)
 Metaspace       used 122497K, committed 123392K, reserved 1179648K
  class space    used 16673K, committed 17152K, reserved 1048576K
}
Event: 146.968 GC heap before
{Heap before GC invocations=68 (full 0):
 garbage-first heap   total 235520K, used 198723K [0x0000000080000000, 0x0000000100000000)
  region size 1024K, 32 young (32768K), 3 survivors (3072K)
 Metaspace       used 123742K, committed 124608K, reserved 1179648K
  class space    used 16839K, committed 17280K, reserved 1048576K
}
Event: 146.981 GC heap after
{Heap after GC invocations=69 (full 0):
 garbage-first heap   total 235520K, used 173503K [0x0000000080000000, 0x0000000100000000)
  region size 1024K, 4 young (4096K), 4 survivors (4096K)
 Metaspace       used 123742K, committed 124608K, reserved 1179648K
  class space    used 16839K, committed 17280K, reserved 1048576K
}
Event: 148.355 GC heap before
{Heap before GC invocations=69 (full 0):
 garbage-first heap   total 235520K, used 199103K [0x0000000080000000, 0x0000000100000000)
  region size 1024K, 30 young (30720K), 4 survivors (4096K)
 Metaspace       used 124130K, committed 125056K, reserved 1179648K
  class space    used 16876K, committed 17344K, reserved 1048576K
}
Event: 148.374 GC heap after
{Heap after GC invocations=70 (full 0):
 garbage-first heap   total 235520K, used 178563K [0x0000000080000000, 0x0000000100000000)
  region size 1024K, 4 young (4096K), 4 survivors (4096K)
 Metaspace       used 124130K, committed 125056K, reserved 1179648K
  class space    used 16876K, committed 17344K, reserved 1048576K
}
Event: 150.111 GC heap before
{Heap before GC invocations=70 (full 0):
 garbage-first heap   total 235520K, used 199043K [0x0000000080000000, 0x0000000100000000)
  region size 1024K, 25 young (25600K), 4 survivors (4096K)
 Metaspace       used 126565K, committed 127424K, reserved 1179648K
  class space    used 17182K, committed 17600K, reserved 1048576K
}
Event: 150.124 GC heap after
{Heap after GC invocations=71 (full 0):
 garbage-first heap   total 235520K, used 181631K [0x0000000080000000, 0x0000000100000000)
  region size 1024K, 3 young (3072K), 3 survivors (3072K)
 Metaspace       used 126565K, committed 127424K, reserved 1179648K
  class space    used 17182K, committed 17600K, reserved 1048576K
}
Event: 150.417 GC heap before
{Heap before GC invocations=71 (full 0):
 garbage-first heap   total 235520K, used 201087K [0x0000000080000000, 0x0000000100000000)
  region size 1024K, 23 young (23552K), 3 survivors (3072K)
 Metaspace       used 130204K, committed 131136K, reserved 1179648K
  class space    used 17675K, committed 18112K, reserved 1048576K
}
Event: 150.423 GC heap after
{Heap after GC invocations=72 (full 0):
 garbage-first heap   total 235520K, used 184720K [0x0000000080000000, 0x0000000100000000)
  region size 1024K, 3 young (3072K), 3 survivors (3072K)
 Metaspace       used 130204K, committed 131136K, reserved 1179648K
  class space    used 17675K, committed 18112K, reserved 1048576K
}
Event: 150.665 GC heap before
{Heap before GC invocations=72 (full 0):
 garbage-first heap   total 235520K, used 203152K [0x0000000080000000, 0x0000000100000000)
  region size 1024K, 20 young (20480K), 3 survivors (3072K)
 Metaspace       used 130894K, committed 131776K, reserved 1179648K
  class space    used 17717K, committed 18176K, reserved 1048576K
}
Event: 150.673 GC heap after
{Heap after GC invocations=73 (full 0):
 garbage-first heap   total 235520K, used 191488K [0x0000000080000000, 0x0000000100000000)
  region size 1024K, 3 young (3072K), 3 survivors (3072K)
 Metaspace       used 130894K, committed 131776K, reserved 1179648K
  class space    used 17717K, committed 18176K, reserved 1048576K
}
Event: 150.892 GC heap before
{Heap before GC invocations=73 (full 0):
 garbage-first heap   total 235520K, used 202752K [0x0000000080000000, 0x0000000100000000)
  region size 1024K, 15 young (15360K), 3 survivors (3072K)
 Metaspace       used 130916K, committed 131840K, reserved 1179648K
  class space    used 17718K, committed 18176K, reserved 1048576K
}
Event: 150.899 GC heap after
{Heap after GC invocations=74 (full 0):
 garbage-first heap   total 235520K, used 195579K [0x0000000080000000, 0x0000000100000000)
  region size 1024K, 2 young (2048K), 2 survivors (2048K)
 Metaspace       used 130916K, committed 131840K, reserved 1179648K
  class space    used 17718K, committed 18176K, reserved 1048576K
}
Event: 151.174 GC heap before
{Heap before GC invocations=74 (full 0):
 garbage-first heap   total 235520K, used 204795K [0x0000000080000000, 0x0000000100000000)
  region size 1024K, 11 young (11264K), 2 survivors (2048K)
 Metaspace       used 131395K, committed 132288K, reserved 1179648K
  class space    used 17776K, committed 18240K, reserved 1048576K
}
Event: 151.179 GC heap after
{Heap after GC invocations=75 (full 0):
 garbage-first heap   total 235520K, used 198183K [0x0000000080000000, 0x0000000100000000)
  region size 1024K, 2 young (2048K), 2 survivors (2048K)
 Metaspace       used 131395K, committed 132288K, reserved 1179648K
  class space    used 17776K, committed 18240K, reserved 1048576K
}
Event: 152.011 GC heap before
{Heap before GC invocations=76 (full 0):
 garbage-first heap   total 314368K, used 189991K [0x0000000080000000, 0x0000000100000000)
  region size 1024K, 11 young (11264K), 2 survivors (2048K)
 Metaspace       used 132534K, committed 133440K, reserved 1179648K
  class space    used 17943K, committed 18368K, reserved 1048576K
}
Event: 152.018 GC heap after
{Heap after GC invocations=77 (full 0):
 garbage-first heap   total 314368K, used 183002K [0x0000000080000000, 0x0000000100000000)
  region size 1024K, 2 young (2048K), 2 survivors (2048K)
 Metaspace       used 132534K, committed 133440K, reserved 1179648K
  class space    used 17943K, committed 18368K, reserved 1048576K
}
Event: 152.866 GC heap before
{Heap before GC invocations=77 (full 0):
 garbage-first heap   total 314368K, used 196314K [0x0000000080000000, 0x0000000100000000)
  region size 1024K, 15 young (15360K), 2 survivors (2048K)
 Metaspace       used 132983K, committed 133888K, reserved 1179648K
  class space    used 17969K, committed 18432K, reserved 1048576K
}

