# JRE version: OpenJDK Runtime Environment (17.0.10) (build 17.0.10+0--11572160)
# Java VM: OpenJDK 64-Bit Server VM (17.0.10+0--11572160, mixed mode, tiered, compressed oops, compressed class ptrs, g1 gc, windows-amd64)
GC Precious Log:
 CPUs: 4 total, 4 available
 Memory: 8027M
 Large Page Support: Disabled
 NUMA Support: Disabled
 Compressed Oops: Enabled (32-bit)
 Heap Region Size: 1M
 Heap Min Capacity: 8M
 Heap Initial Capacity: 126M
 Heap Max Capacity: 2G
 Pre-touch: Disabled
 Parallel Workers: 4
 Concurrent Workers: 1
 Concurrent Refinement Workers: 4
 Periodic GC: Disabled
Heap:
 garbage-first heap   total 470016K, used 353280K [0x0000000080000000, 0x0000000100000000)
  region size 1024K, 42 young (43008K), 11 survivors (11264K)
 Metaspace       used 115159K, committed 115968K, reserved 1179648K
  class space    used 16186K, committed 16576K, reserved 1048576K
GC Heap History (20 events):
Event: 56.358 GC heap before
{Heap before GC invocations=51 (full 0):
 garbage-first heap   total 273408K, used 242080K [0x0000000080000000, 0x0000000100000000)
  region size 1024K, 49 young (50176K), 2 survivors (2048K)
 Metaspace       used 108520K, committed 109376K, reserved 1179648K
  class space    used 15085K, committed 15488K, reserved 1048576K
}
Event: 56.364 GC heap after
{Heap after GC invocations=52 (full 0):
 garbage-first heap   total 273408K, used 185912K [0x0000000080000000, 0x0000000100000000)
  region size 1024K, 7 young (7168K), 7 survivors (7168K)
 Metaspace       used 108520K, committed 109376K, reserved 1179648K
  class space    used 15085K, committed 15488K, reserved 1048576K
}
Event: 56.371 GC heap before
{Heap before GC invocations=52 (full 0):
 garbage-first heap   total 273408K, used 222776K [0x0000000080000000, 0x0000000100000000)
  region size 1024K, 25 young (25600K), 7 survivors (7168K)
 Metaspace       used 108522K, committed 109376K, reserved 1179648K
  class space    used 15085K, committed 15488K, reserved 1048576K
}
Event: 56.377 GC heap after
{Heap after GC invocations=53 (full 0):
 garbage-first heap   total 273408K, used 202734K [0x0000000080000000, 0x0000000100000000)
  region size 1024K, 6 young (6144K), 6 survivors (6144K)
 Metaspace       used 108522K, committed 109376K, reserved 1179648K
  class space    used 15085K, committed 15488K, reserved 1048576K
}
Event: 56.379 GC heap before
{Heap before GC invocations=53 (full 0):
 garbage-first heap   total 273408K, used 207854K [0x0000000080000000, 0x0000000100000000)
  region size 1024K, 9 young (9216K), 6 survivors (6144K)
 Metaspace       used 108522K, committed 109376K, reserved 1179648K
  class space    used 15085K, committed 15488K, reserved 1048576K
}
Event: 56.381 GC heap after
{Heap after GC invocations=54 (full 0):
 garbage-first heap   total 273408K, used 204418K [0x0000000080000000, 0x0000000100000000)
  region size 1024K, 2 young (2048K), 2 survivors (2048K)
 Metaspace       used 108522K, committed 109376K, reserved 1179648K
  class space    used 15085K, committed 15488K, reserved 1048576K
}
Event: 56.682 GC heap before
{Heap before GC invocations=55 (full 0):
 garbage-first heap   total 401408K, used 245378K [0x0000000080000000, 0x0000000100000000)
  region size 1024K, 19 young (19456K), 2 survivors (2048K)
 Metaspace       used 108900K, committed 109760K, reserved 1179648K
  class space    used 15144K, committed 15552K, reserved 1048576K
}
Event: 56.690 GC heap after
{Heap after GC invocations=56 (full 0):
 garbage-first heap   total 401408K, used 218112K [0x0000000080000000, 0x0000000100000000)
  region size 1024K, 3 young (3072K), 3 survivors (3072K)
 Metaspace       used 108900K, committed 109760K, reserved 1179648K
  class space    used 15144K, committed 15552K, reserved 1048576K
}
Event: 56.782 GC heap before
{Heap before GC invocations=56 (full 0):
 garbage-first heap   total 401408K, used 233472K [0x0000000080000000, 0x0000000100000000)
  region size 1024K, 19 young (19456K), 3 survivors (3072K)
 Metaspace       used 109114K, committed 109952K, reserved 1179648K
  class space    used 15183K, committed 15616K, reserved 1048576K
}
Event: 56.796 GC heap after
{Heap after GC invocations=57 (full 0):
 garbage-first heap   total 470016K, used 223183K [0x0000000080000000, 0x0000000100000000)
  region size 1024K, 3 young (3072K), 3 survivors (3072K)
 Metaspace       used 109114K, committed 109952K, reserved 1179648K
  class space    used 15183K, committed 15616K, reserved 1048576K
}
Event: 56.908 GC heap before
{Heap before GC invocations=57 (full 0):
 garbage-first heap   total 470016K, used 237519K [0x0000000080000000, 0x0000000100000000)
  region size 1024K, 18 young (18432K), 3 survivors (3072K)
 Metaspace       used 109203K, committed 110080K, reserved 1179648K
  class space    used 15196K, committed 15616K, reserved 1048576K
}
Event: 56.926 GC heap after
{Heap after GC invocations=58 (full 0):
 garbage-first heap   total 470016K, used 229078K [0x0000000080000000, 0x0000000100000000)
  region size 1024K, 9 young (9216K), 9 survivors (9216K)
 Metaspace       used 109203K, committed 110080K, reserved 1179648K
  class space    used 15196K, committed 15616K, reserved 1048576K
}
Event: 57.723 GC heap before
{Heap before GC invocations=59 (full 0):
 garbage-first heap   total 470016K, used 344790K [0x0000000080000000, 0x0000000100000000)
  region size 1024K, 116 young (118784K), 9 survivors (9216K)
 Metaspace       used 110177K, committed 110976K, reserved 1179648K
  class space    used 15326K, committed 15744K, reserved 1048576K
}
Event: 57.808 GC heap after
{Heap after GC invocations=60 (full 0):
 garbage-first heap   total 470016K, used 270680K [0x0000000080000000, 0x0000000100000000)
  region size 1024K, 15 young (15360K), 15 survivors (15360K)
 Metaspace       used 110177K, committed 110976K, reserved 1179648K
  class space    used 15326K, committed 15744K, reserved 1048576K
}
Event: 57.913 GC heap before
{Heap before GC invocations=60 (full 0):
 garbage-first heap   total 470016K, used 276824K [0x0000000080000000, 0x0000000100000000)
  region size 1024K, 22 young (22528K), 15 survivors (15360K)
 Metaspace       used 110477K, committed 111360K, reserved 1179648K
  class space    used 15374K, committed 15808K, reserved 1048576K
}
Event: 57.974 GC heap after
{Heap after GC invocations=61 (full 0):
 garbage-first heap   total 470016K, used 272896K [0x0000000080000000, 0x0000000100000000)
  region size 1024K, 3 young (3072K), 3 survivors (3072K)
 Metaspace       used 110477K, committed 111360K, reserved 1179648K
  class space    used 15374K, committed 15808K, reserved 1048576K
}
Event: 59.554 GC heap before
{Heap before GC invocations=61 (full 0):
 garbage-first heap   total 470016K, used 354816K [0x0000000080000000, 0x0000000100000000)
  region size 1024K, 84 young (86016K), 3 survivors (3072K)
 Metaspace       used 114272K, committed 115072K, reserved 1179648K
  class space    used 16058K, committed 16448K, reserved 1048576K
}
Event: 59.585 GC heap after
{Heap after GC invocations=62 (full 0):
 garbage-first heap   total 470016K, used 293376K [0x0000000080000000, 0x0000000100000000)
  region size 1024K, 11 young (11264K), 11 survivors (11264K)
 Metaspace       used 114272K, committed 115072K, reserved 1179648K
  class space    used 16058K, committed 16448K, reserved 1048576K
}
Event: 59.866 GC heap before
{Heap before GC invocations=62 (full 0):
 garbage-first heap   total 470016K, used 364032K [0x0000000080000000, 0x0000000100000000)
  region size 1024K, 81 young (82944K), 11 survivors (11264K)
 Metaspace       used 115137K, committed 115968K, reserved 1179648K
  class space    used 16182K, committed 16576K, reserved 1048576K
}
Event: 59.926 GC heap after
{Heap after GC invocations=63 (full 0):
 garbage-first heap   total 470016K, used 324608K [0x0000000080000000, 0x0000000100000000)
  region size 1024K, 11 young (11264K), 11 survivors (11264K)
 Metaspace       used 115137K, committed 115968K, reserved 1179648K
  class space    used 16182K, committed 16576K, reserved 1048576K
}

